<?xml version="1.0" encoding="UTF-8"?>
<coverage generated="1599077124748" clover="3.2.0">
  <project timestamp="1599077124748" name="All files">
    <metrics statements="7" coveredstatements="1" conditionals="0" coveredconditionals="0" methods="2" coveredmethods="0" elements="9" coveredelements="1" complexity="0" loc="7" ncloc="7" packages="1" files="1" classes="1"/>
    <file name="Post.js" path="/Users/brayan/Workspace/react-boilerplate/boilerplate-v2/src/components/Post.js">
      <metrics statements="7" coveredstatements="1" conditionals="0" coveredconditionals="0" methods="2" coveredmethods="0"/>
      <line num="6" count="1" type="stmt"/>
      <line num="7" count="0" type="stmt"/>
      <line num="8" count="0" type="stmt"/>
      <line num="9" count="0" type="stmt"/>
      <line num="11" count="0" type="stmt"/>
      <line num="13" count="0" type="stmt"/>
      <line num="15" count="0" type="stmt"/>
    </file>
  </project>
</coverage>
