<?xml version="1.0" encoding="UTF-8"?>
<coverage generated="1599064122289" clover="3.2.0">
  <project timestamp="1599064122289" name="All files">
    <metrics statements="26" coveredstatements="13" conditionals="21" coveredconditionals="11" methods="4" coveredmethods="1" elements="51" coveredelements="25" complexity="0" loc="26" ncloc="26" packages="1" files="2" classes="2"/>
    <file name="initialState.js" path="/Users/brayan/Workspace/react-boilerplate/boilerplate-v2/src/reducers/initialState.js">
      <metrics statements="0" coveredstatements="0" conditionals="0" coveredconditionals="0" methods="0" coveredmethods="0"/>
    </file>
    <file name="posts.js" path="/Users/brayan/Workspace/react-boilerplate/boilerplate-v2/src/reducers/posts.js">
      <metrics statements="26" coveredstatements="13" conditionals="21" coveredconditionals="11" methods="4" coveredmethods="1"/>
      <line num="10" count="1" type="cond" truecount="1" falsecount="0"/>
      <line num="11" count="10" type="cond" truecount="10" falsecount="6"/>
      <line num="13" count="1" type="stmt"/>
      <line num="18" count="1" type="stmt"/>
      <line num="24" count="1" type="stmt"/>
      <line num="30" count="1" type="stmt"/>
      <line num="36" count="1" type="stmt"/>
      <line num="37" count="1" type="stmt"/>
      <line num="44" count="1" type="stmt"/>
      <line num="50" count="1" type="stmt"/>
      <line num="55" count="1" type="stmt"/>
      <line num="59" count="0" type="cond" truecount="0" falsecount="2"/>
      <line num="60" count="0" type="stmt"/>
      <line num="65" count="0" type="stmt"/>
      <line num="71" count="1" type="stmt"/>
      <line num="77" count="0" type="stmt"/>
      <line num="83" count="0" type="stmt"/>
      <line num="87" count="0" type="cond" truecount="0" falsecount="2"/>
      <line num="88" count="0" type="stmt"/>
      <line num="93" count="0" type="stmt"/>
      <line num="99" count="0" type="stmt"/>
      <line num="105" count="0" type="stmt"/>
      <line num="111" count="0" type="stmt"/>
      <line num="114" count="0" type="stmt"/>
      <line num="118" count="0" type="stmt"/>
      <line num="124" count="1" type="stmt"/>
    </file>
  </project>
</coverage>
