{"/Users/brayan/Workspace/react-boilerplate/boilerplate-v2/src/reducers/initialState.js": {"path":"/Users/brayan/Workspace/react-boilerplate/boilerplate-v2/src/reducers/initialState.js","statementMap":{},"fnMap":{},"branchMap":{},"s":{},"f":{},"b":{},"_coverageSchema":"1a1c01bbd47fc00a2c39e90264f33305004495a9","hash":"1593bb78b5d5ff7dbb20ad041c5f1c2f240a11e7"}
,"/Users/brayan/Workspace/react-boilerplate/boilerplate-v2/src/reducers/posts.js": {"path":"/Users/brayan/Workspace/react-boilerplate/boilerplate-v2/src/reducers/posts.js","statementMap":{"0":{"start":{"line":10,"column":21},"end":{"line":126,"column":1}},"1":{"start":{"line":11,"column":4},"end":{"line":125,"column":5}},"2":{"start":{"line":13,"column":12},"end":{"line":16,"column":13}},"3":{"start":{"line":18,"column":12},"end":{"line":22,"column":13}},"4":{"start":{"line":24,"column":12},"end":{"line":28,"column":13}},"5":{"start":{"line":30,"column":12},"end":{"line":34,"column":13}},"6":{"start":{"line":36,"column":26},"end":{"line":36,"column":60}},"7":{"start":{"line":37,"column":12},"end":{"line":42,"column":13}},"8":{"start":{"line":44,"column":12},"end":{"line":48,"column":13}},"9":{"start":{"line":50,"column":12},"end":{"line":53,"column":13}},"10":{"start":{"line":55,"column":12},"end":{"line":69,"column":13}},"11":{"start":{"line":59,"column":20},"end":{"line":66,"column":21}},"12":{"start":{"line":60,"column":24},"end":{"line":63,"column":25}},"13":{"start":{"line":65,"column":24},"end":{"line":65,"column":35}},"14":{"start":{"line":71,"column":12},"end":{"line":75,"column":13}},"15":{"start":{"line":77,"column":12},"end":{"line":81,"column":13}},"16":{"start":{"line":83,"column":12},"end":{"line":97,"column":13}},"17":{"start":{"line":87,"column":20},"end":{"line":94,"column":21}},"18":{"start":{"line":88,"column":24},"end":{"line":91,"column":25}},"19":{"start":{"line":93,"column":24},"end":{"line":93,"column":35}},"20":{"start":{"line":99,"column":12},"end":{"line":103,"column":13}},"21":{"start":{"line":105,"column":12},"end":{"line":109,"column":13}},"22":{"start":{"line":111,"column":12},"end":{"line":116,"column":13}},"23":{"start":{"line":114,"column":54},"end":{"line":114,"column":78}},"24":{"start":{"line":118,"column":12},"end":{"line":122,"column":13}},"25":{"start":{"line":124,"column":12},"end":{"line":124,"column":24}}},"fnMap":{"0":{"name":"(anonymous_0)","decl":{"start":{"line":10,"column":21},"end":{"line":10,"column":22}},"loc":{"start":{"line":10,"column":61},"end":{"line":126,"column":1}},"line":10},"1":{"name":"(anonymous_1)","decl":{"start":{"line":58,"column":39},"end":{"line":58,"column":40}},"loc":{"start":{"line":58,"column":49},"end":{"line":67,"column":17}},"line":58},"2":{"name":"(anonymous_2)","decl":{"start":{"line":86,"column":39},"end":{"line":86,"column":40}},"loc":{"start":{"line":86,"column":49},"end":{"line":95,"column":17}},"line":86},"3":{"name":"(anonymous_3)","decl":{"start":{"line":114,"column":42},"end":{"line":114,"column":43}},"loc":{"start":{"line":114,"column":54},"end":{"line":114,"column":78}},"line":114}},"branchMap":{"0":{"loc":{"start":{"line":10,"column":22},"end":{"line":10,"column":48}},"type":"default-arg","locations":[{"start":{"line":10,"column":30},"end":{"line":10,"column":48}}],"line":10},"1":{"loc":{"start":{"line":11,"column":4},"end":{"line":125,"column":5}},"type":"switch","locations":[{"start":{"line":12,"column":8},"end":{"line":16,"column":13}},{"start":{"line":17,"column":8},"end":{"line":22,"column":13}},{"start":{"line":23,"column":8},"end":{"line":28,"column":13}},{"start":{"line":29,"column":8},"end":{"line":34,"column":13}},{"start":{"line":35,"column":8},"end":{"line":42,"column":13}},{"start":{"line":43,"column":8},"end":{"line":48,"column":13}},{"start":{"line":49,"column":8},"end":{"line":53,"column":13}},{"start":{"line":54,"column":8},"end":{"line":69,"column":13}},{"start":{"line":70,"column":8},"end":{"line":75,"column":13}},{"start":{"line":76,"column":8},"end":{"line":81,"column":13}},{"start":{"line":82,"column":8},"end":{"line":97,"column":13}},{"start":{"line":98,"column":8},"end":{"line":103,"column":13}},{"start":{"line":104,"column":8},"end":{"line":109,"column":13}},{"start":{"line":110,"column":8},"end":{"line":116,"column":13}},{"start":{"line":117,"column":8},"end":{"line":122,"column":13}},{"start":{"line":123,"column":8},"end":{"line":124,"column":24}}],"line":11},"2":{"loc":{"start":{"line":59,"column":20},"end":{"line":66,"column":21}},"type":"if","locations":[{"start":{"line":59,"column":20},"end":{"line":66,"column":21}},{"start":{"line":59,"column":20},"end":{"line":66,"column":21}}],"line":59},"3":{"loc":{"start":{"line":87,"column":20},"end":{"line":94,"column":21}},"type":"if","locations":[{"start":{"line":87,"column":20},"end":{"line":94,"column":21}},{"start":{"line":87,"column":20},"end":{"line":94,"column":21}}],"line":87}},"s":{"0":1,"1":10,"2":1,"3":1,"4":1,"5":1,"6":1,"7":1,"8":1,"9":1,"10":1,"11":0,"12":0,"13":0,"14":1,"15":0,"16":0,"17":0,"18":0,"19":0,"20":0,"21":0,"22":0,"23":0,"24":0,"25":1},"f":{"0":10,"1":0,"2":0,"3":0},"b":{"0":[10],"1":[1,1,1,1,1,1,1,1,1,0,0,0,0,0,0,1],"2":[0,0],"3":[0,0]},"_coverageSchema":"1a1c01bbd47fc00a2c39e90264f33305004495a9","hash":"185e90951be8add59463e79f6a4ad8f0c4537921"}
}
