TN:
SF:src/reducers/initialState.js
FNF:0
FNH:0
LF:0
LH:0
BRF:0
BRH:0
end_of_record
TN:
SF:src/reducers/posts.js
FN:10,(anonymous_0)
FN:58,(anonymous_1)
FN:86,(anonymous_2)
FN:114,(anonymous_3)
FNF:4
FNH:1
FNDA:10,(anonymous_0)
FNDA:0,(anonymous_1)
FNDA:0,(anonymous_2)
FNDA:0,(anonymous_3)
DA:10,1
DA:11,10
DA:13,1
DA:18,1
DA:24,1
DA:30,1
DA:36,1
DA:37,1
DA:44,1
DA:50,1
DA:55,1
DA:59,0
DA:60,0
DA:65,0
DA:71,1
DA:77,0
DA:83,0
DA:87,0
DA:88,0
DA:93,0
DA:99,0
DA:105,0
DA:111,0
DA:114,0
DA:118,0
DA:124,1
LF:26
LH:13
BRDA:10,0,0,10
BRDA:11,1,0,1
BRDA:11,1,1,1
BRDA:11,1,2,1
BRDA:11,1,3,1
BRDA:11,1,4,1
BRDA:11,1,5,1
BRDA:11,1,6,1
BRDA:11,1,7,1
BRDA:11,1,8,1
BRDA:11,1,9,0
BRDA:11,1,10,0
BRDA:11,1,11,0
BRDA:11,1,12,0
BRDA:11,1,13,0
BRDA:11,1,14,0
BRDA:11,1,15,1
BRDA:59,2,0,0
BRDA:59,2,1,0
BRDA:87,3,0,0
BRDA:87,3,1,0
BRF:21
BRH:11
end_of_record
